#
# A fatal error has been detected by the Java Runtime Environment:
#
#  SIGSEGV (0xb) at pc=0x00007f7a8a9026e5, pid=12107, tid=140164246189824
#
# JRE version: Java(TM) SE Runtime Environment (7.0_51-b13) (build 1.7.0_51-b13)
# Java VM: Java HotSpot(TM) 64-Bit Server VM (24.51-b03 mixed mode linux-amd64 compressed oops)
# Problematic frame:
# V  [libjvm.so+0x5b36e5]  instanceKlass::oop_follow_contents(ParCompactionManager*, oopDesc*)+0x2c5
#
# Failed to write core dump. Core dumps have been disabled. To enable core dumping, try "ulimit -c unlimited" before starting Java again
#
# If you would like to submit a bug report, please visit:
#   http://bugreport.sun.com/bugreport/crash.jsp
#

---------------  T H R E A D  ---------------

Current thread (0x00007f7a84027000):  GCTaskThread [stack: 0x00007f7a880ab000,0x00007f7a881ac000] [id=12117]

siginfo:si_signo=SIGSEGV: si_errno=0, si_code=128 (), si_addr=0x0000000000000000

Registers:
RAX=0x00007f7a4e070000, RBX=0x00000007c519b52c, RCX=0x0000000000000000, RDX=0x007ffffffc5fb000
RSP=0x00007f7a881aa7d0, RBP=0x00007f7a881aa830, RSI=0x0000000000000000, RDI=0x0000000000000003
R8 =0x0000000000000001, R9 =0x0000000000001087, R10=0x0000000000000003, R11=0x00007f7a8b186a60
R12=0x00007f7a8b18aac0, R13=0x0000000000400000, R14=0x0000000000000003, R15=0x00007f7a8406eed0
RIP=0x00007f7a8a9026e5, EFLAGS=0x0000000000010206, CSGSFS=0x0000000000000033, ERR=0x0000000000000000
  TRAPNO=0x000000000000000d

Top of Stack: (sp=0x00007f7a881aa7d0)
0x00007f7a881aa7d0:   00000007c519b4f8 0000000740e4b0b0
0x00007f7a881aa7e0:   0000000740e4b0b8 00000007c519b548
0x00007f7a881aa7f0:   00007f7a8b14ebc8 00007f7a8406ef10
0x00007f7a881aa800:   00000007c519ad98 00007f7a8406eed0
0x00007f7a881aa810:   00007f7a8b186a60 00007f7a8b17ce58
0x00007f7a881aa820:   00007f7a8406eed0 00007f7a8406eee0
0x00007f7a881aa830:   00007f7a881aa920 00007f7a8abb668c
0x00007f7a881aa840:   00007f7a8b9a30f9 00007f7a881aa890
0x00007f7a881aa850:   00007f7a881aa8a0 00007f7a881aa880
0x00007f7a881aa860:   00007f7a881aa8c0 00007f7a881aa8d0
0x00007f7a881aa870:   00007f7a8406ef10 00007f7a8406ef90
0x00007f7a881aa880:   0000000741157b90 00007f7a881aa8f0
0x00007f7a881aa890:   00007f7a881aa900 00007f7a8b9a3d14
0x00007f7a881aa8a0:   0000000000000000 00007f7a84028750
0x00007f7a881aa8b0:   00007f7a84027000 0000000000000c00
0x00007f7a881aa8c0:   0000000000000000 0000000000000000
0x00007f7a881aa8d0:   0000000000000000 00007f7a848c7800
0x00007f7a881aa8e0:   0000000100000000 0000000000000001
0x00007f7a881aa8f0:   00007f7a881aa930 00007f7a881aa970
0x00007f7a881aa900:   00007f7a840279d0 00007f7a84027a00
0x00007f7a881aa910:   00007f7a8406eed0 00007f7a8402f130
0x00007f7a881aa920:   00007f7a881aa9c0 00007f7a8ab9e06e
0x00007f7a881aa930:   00007f7a881aa980 00007f7a84027a10
0x00007f7a881aa940:   00007f7a84027de8 00000000000003d8
0x00007f7a881aa950:   00007f7a8b135730 00007f7a8401f500
0x00007f7a881aa960:   00007f7a881aa970 00007f7a8ab5de01
0x00007f7a881aa970:   00007f7a8b13e090 00007f7a8402f100
0x00007f7a881aa980:   0000000000000000 00007f7a8406eed0
0x00007f7a881aa990:   00007f7a881aa9c0 00007f7a8402f130
0x00007f7a881aa9a0:   00007f7a84027000 0000000000000001
0x00007f7a881aa9b0:   00007f7a840279d0 00007f7a8ad5237e
0x00007f7a881aa9c0:   00007f7a881aaad0 00007f7a8a89ff6f 

Instructions: (pc=0x00007f7a8a9026e5)
0x00007f7a8a9026c5:   89 c1 49 8b 44 24 30 49 d3 e8 4c 89 c2 44 89 c1
0x00007f7a8a9026d5:   41 b8 01 00 00 00 83 e1 3f 48 c1 ea 06 49 d3 e0
0x00007f7a8a9026e5:   4c 85 04 d0 75 8d 48 8b 05 76 50 84 00 80 38 00
0x00007f7a8a9026f5:   0f 85 05 02 00 00 49 8b 45 08 48 8d 70 10 4c 89 

Register to memory mapping:

RAX=0x00007f7a4e070000 is an unknown value
RBX=0x00000007c519b52c is an unknown value
RCX=0x0000000000000000 is an unknown value
RDX=0x007ffffffc5fb000 is an unknown value
RSP=0x00007f7a881aa7d0 is an unknown value
RBP=0x00007f7a881aa830 is an unknown value
RSI=0x0000000000000000 is an unknown value
RDI=0x0000000000000003 is an unknown value
R8 =0x0000000000000001 is an unknown value
R9 =0x0000000000001087 is an unknown value
R10=0x0000000000000003 is an unknown value
R11=0x00007f7a8b186a60: <offset 0xe37a60> in /usr/lib/jvm/java-7-oracle/jre/lib/amd64/server/libjvm.so at 0x00007f7a8a34f000
R12=0x00007f7a8b18aac0: <offset 0xe3bac0> in /usr/lib/jvm/java-7-oracle/jre/lib/amd64/server/libjvm.so at 0x00007f7a8a34f000
R13=0x0000000000400000: <offset 0> in /usr/lib/jvm/java-7-oracle/bin/java at 0x0000000000400000
R14=0x0000000000000003 is an unknown value
R15=0x00007f7a8406eed0 is an unknown value


Stack: [0x00007f7a880ab000,0x00007f7a881ac000],  sp=0x00007f7a881aa7d0,  free space=1021k
Native frames: (J=compiled Java code, j=interpreted, Vv=VM code, C=native code)
V  [libjvm.so+0x5b36e5]  instanceKlass::oop_follow_contents(ParCompactionManager*, oopDesc*)+0x2c5
V  [libjvm.so+0x86768c]  ParCompactionManager::follow_marking_stacks()+0x1ec
V  [libjvm.so+0x84f06e]  ThreadRootsMarkingTask::do_it(GCTaskManager*, unsigned int)+0xde
V  [libjvm.so+0x550f6f]  GCTaskThread::run()+0x12f
V  [libjvm.so+0x815538]  java_start(Thread*)+0x108


---------------  P R O C E S S  ---------------

Java Threads: ( => current thread )
  0x00007f7a848c7800 JavaThread "process reaper" daemon [_thread_blocked, id=12141, stack(0x00007f7a690ea000,0x00007f7a69123000)]
  0x00007f7a848a8000 JavaThread "resolver-4" daemon [_thread_blocked, id=12137, stack(0x00007f7a69224000,0x00007f7a69325000)]
  0x00007f7a84876800 JavaThread "resolver-3" daemon [_thread_blocked, id=12136, stack(0x00007f7a69325000,0x00007f7a69426000)]
  0x00007f7a84883000 JavaThread "resolver-2" daemon [_thread_blocked, id=12135, stack(0x00007f7a69426000,0x00007f7a69527000)]
  0x00007f7a84881000 JavaThread "resolver-1" daemon [_thread_blocked, id=12134, stack(0x00007f7a69527000,0x00007f7a69628000)]
  0x00007f7a8409f000 JavaThread "Service Thread" daemon [_thread_blocked, id=12127, stack(0x00007f7a69d0a000,0x00007f7a69e0b000)]
  0x00007f7a8409c800 JavaThread "C2 CompilerThread1" daemon [_thread_blocked, id=12126, stack(0x00007f7a69e0b000,0x00007f7a69f0c000)]
  0x00007f7a8409a000 JavaThread "C2 CompilerThread0" daemon [_thread_blocked, id=12125, stack(0x00007f7a69f0c000,0x00007f7a6a00d000)]
  0x00007f7a8408f800 JavaThread "Signal Dispatcher" daemon [_thread_blocked, id=12124, stack(0x00007f7a6a00d000,0x00007f7a6a10e000)]
  0x00007f7a84078800 JavaThread "Finalizer" daemon [_thread_blocked, id=12123, stack(0x00007f7a6a541000,0x00007f7a6a642000)]
  0x00007f7a84074800 JavaThread "Reference Handler" daemon [_thread_blocked, id=12122, stack(0x00007f7a6a642000,0x00007f7a6a743000)]
  0x00007f7a8400a000 JavaThread "main" [_thread_blocked, id=12112, stack(0x00007f7a8bca3000,0x00007f7a8bda4000)]

Other Threads:
  0x00007f7a84072800 VMThread [stack: 0x00007f7a6a743000,0x00007f7a6a844000] [id=12121]
  0x00007f7a840aa000 WatcherThread [stack: 0x00007f7a69c09000,0x00007f7a69d0a000] [id=12128]

=>0x00007f7a84027000 (exited) GCTaskThread [stack: 0x00007f7a880ab000,0x00007f7a881ac000] [id=12117]

VM state:at safepoint (normal execution)

VM Mutex/Monitor currently owned by a thread:  ([mutex/lock_event])
[0x00007f7a840064d0] Threads_lock - owner thread: 0x00007f7a84072800
[0x00007f7a840069d0] Heap_lock - owner thread: 0x00007f7a8400a000

Heap
 PSYoungGen      total 55808K, used 7661K [0x00000007c2000000, 0x00000007c8d00000, 0x0000000800000000)
  eden space 48128K, 0% used [0x00000007c2000000,0x00000007c2000000,0x00000007c4f00000)
  from space 7680K, 99% used [0x00000007c4f00000,0x00000007c567b780,0x00000007c5680000)
  to   space 7680K, 0% used [0x00000007c8580000,0x00000007c8580000,0x00000007c8d00000)
 ParOldGen       total 126976K, used 12455K [0x0000000746000000, 0x000000074dc00000, 0x00000007c2000000)
  object space 126976K, 9% used [0x0000000746000000,0x0000000746c29ea8,0x000000074dc00000)
 PSPermGen       total 23552K, used 23265K [0x0000000740e00000, 0x0000000742500000, 0x0000000746000000)
  object space 23552K, 98% used [0x0000000740e00000,0x00000007424b84b0,0x0000000742500000)

Card table byte_map: [0x00007f7a889b9000,0x00007f7a88fb3000] byte_map_base: 0x00007f7a84fb2000

Polling page: 0x00007f7a8bdd4000

Code Cache  [0x00007f7a81000000, 0x00007f7a81270000, 0x00007f7a84000000)
 total_blobs=807 nmethods=500 adapters=260 free_code_cache=47415Kb largest_free_block=48415552

Compilation events (10 events):
Event: 3,221 Thread 0x00007f7a8409a000  522             java.util.WeakHashMap::eq (19 bytes)
Event: 3,225 Thread 0x00007f7a8409a000 nmethod 522 0x00007f7a811c7390 code [0x00007f7a811c7560, 0x00007f7a811c7d58]
Event: 3,225 Thread 0x00007f7a8409a000  523   !         sun.nio.cs.StreamDecoder::read (196 bytes)
Event: 3,232 Thread 0x00007f7a8409c800 nmethod 519 0x00007f7a811cfb90 code [0x00007f7a811cff60, 0x00007f7a811d1d38]
Event: 3,232 Thread 0x00007f7a8409c800  524             java.net.URL::getAuthority (5 bytes)
Event: 3,232 Thread 0x00007f7a8409c800 nmethod 524 0x00007f7a811b0b90 code [0x00007f7a811b0cc0, 0x00007f7a811b0d38]
Event: 3,232 Thread 0x00007f7a8409c800  525             java.util.ArrayList::addAll (54 bytes)
Event: 3,236 Thread 0x00007f7a8409c800 nmethod 525 0x00007f7a8113add0 code [0x00007f7a8113af40, 0x00007f7a8113b3f8]
Event: 3,238 Thread 0x00007f7a8409c800  526             sun.nio.cs.UTF_8$Encoder::encodeArrayLoop (489 bytes)
Event: 3,239 Thread 0x00007f7a8409a000 nmethod 523 0x00007f7a81126750 code [0x00007f7a81126980, 0x00007f7a81127af0]

GC Heap History (10 events):
Event: 0,829 GC heap after
Heap after GC invocations=1 (full 0):
 PSYoungGen      total 55808K, used 7661K [0x00000007c2000000, 0x00000007c5e00000, 0x0000000800000000)
  eden space 48128K, 0% used [0x00000007c2000000,0x00000007c2000000,0x00000007c4f00000)
  from space 7680K, 99% used [0x00000007c4f00000,0x00000007c567b518,0x00000007c5680000)
  to   space 7680K, 0% used [0x00000007c5680000,0x00000007c5680000,0x00000007c5e00000)
 ParOldGen       total 126976K, used 474K [0x0000000746000000, 0x000000074dc00000, 0x00000007c2000000)
  object space 126976K, 0% used [0x0000000746000000,0x0000000746076a90,0x000000074dc00000)
 PSPermGen       total 21504K, used 9874K [0x0000000740e00000, 0x0000000742300000, 0x0000000746000000)
  object space 21504K, 45% used [0x0000000740e00000,0x00000007417a4b68,0x0000000742300000)
}
Event: 1,635 GC heap before
{Heap before GC invocations=2 (full 0):
 PSYoungGen      total 55808K, used 55789K [0x00000007c2000000, 0x00000007c5e00000, 0x0000000800000000)
  eden space 48128K, 100% used [0x00000007c2000000,0x00000007c4f00000,0x00000007c4f00000)
  from space 7680K, 99% used [0x00000007c4f00000,0x00000007c567b518,0x00000007c5680000)
  to   space 7680K, 0% used [0x00000007c5680000,0x00000007c5680000,0x00000007c5e00000)
 ParOldGen       total 126976K, used 474K [0x0000000746000000, 0x000000074dc00000, 0x00000007c2000000)
  object space 126976K, 0% used [0x0000000746000000,0x0000000746076a90,0x000000074dc00000)
 PSPermGen       total 21504K, used 13605K [0x0000000740e00000, 0x0000000742300000, 0x0000000746000000)
  object space 21504K, 63% used [0x0000000740e00000,0x0000000741b49778,0x0000000742300000)
Event: 1,642 GC heap after
Heap after GC invocations=2 (full 0):
 PSYoungGen      total 55808K, used 7653K [0x00000007c2000000, 0x00000007c5e00000, 0x0000000800000000)
  eden space 48128K, 0% used [0x00000007c2000000,0x00000007c2000000,0x00000007c4f00000)
  from space 7680K, 99% used [0x00000007c5680000,0x00000007c5df9440,0x00000007c5e00000)
  to   space 7680K, 0% used [0x00000007c4f00000,0x00000007c4f00000,0x00000007c5680000)
 ParOldGen       total 126976K, used 808K [0x0000000746000000, 0x000000074dc00000, 0x00000007c2000000)
  object space 126976K, 0% used [0x0000000746000000,0x00000007460ca198,0x000000074dc00000)
 PSPermGen       total 21504K, used 13605K [0x0000000740e00000, 0x0000000742300000, 0x0000000746000000)
  object space 21504K, 63% used [0x0000000740e00000,0x0000000741b49778,0x0000000742300000)
}
Event: 2,515 GC heap before
{Heap before GC invocations=3 (full 0):
 PSYoungGen      total 55808K, used 55781K [0x00000007c2000000, 0x00000007c5e00000, 0x0000000800000000)
  eden space 48128K, 100% used [0x00000007c2000000,0x00000007c4f00000,0x00000007c4f00000)
  from space 7680K, 99% used [0x00000007c5680000,0x00000007c5df9440,0x00000007c5e00000)
  to   space 7680K, 0% used [0x00000007c4f00000,0x00000007c4f00000,0x00000007c5680000)
 ParOldGen       total 126976K, used 808K [0x0000000746000000, 0x000000074dc00000, 0x00000007c2000000)
  object space 126976K, 0% used [0x0000000746000000,0x00000007460ca198,0x000000074dc00000)
 PSPermGen       total 21504K, used 20861K [0x0000000740e00000, 0x0000000742300000, 0x0000000746000000)
  object space 21504K, 97% used [0x0000000740e00000,0x000000074225f520,0x0000000742300000)
Event: 2,525 GC heap after
Heap after GC invocations=3 (full 0):
 PSYoungGen      total 55808K, used 7661K [0x00000007c2000000, 0x00000007c5e00000, 0x0000000800000000)
  eden space 48128K, 0% used [0x00000007c2000000,0x00000007c2000000,0x00000007c4f00000)
  from space 7680K, 99% used [0x00000007c4f00000,0x00000007c567b780,0x00000007c5680000)
  to   space 7680K, 0% used [0x00000007c5680000,0x00000007c5680000,0x00000007c5e00000)
 ParOldGen       total 126976K, used 8130K [0x0000000746000000, 0x000000074dc00000, 0x00000007c2000000)
  object space 126976K, 6% used [0x0000000746000000,0x00000007467f0b78,0x000000074dc00000)
 PSPermGen       total 21504K, used 20861K [0x0000000740e00000, 0x0000000742300000, 0x0000000746000000)
  object space 21504K, 97% used [0x0000000740e00000,0x000000074225f520,0x0000000742300000)
}
Event: 3,172 GC heap before
{Heap before GC invocations=4 (full 0):
 PSYoungGen      total 55808K, used 55789K [0x00000007c2000000, 0x00000007c5e00000, 0x0000000800000000)
  eden space 48128K, 100% used [0x00000007c2000000,0x00000007c4f00000,0x00000007c4f00000)
  from space 7680K, 99% used [0x00000007c4f00000,0x00000007c567b780,0x00000007c5680000)
  to   space 7680K, 0% used [0x00000007c5680000,0x00000007c5680000,0x00000007c5e00000)
 ParOldGen       total 126976K, used 8130K [0x0000000746000000, 0x000000074dc00000, 0x00000007c2000000)
  object space 126976K, 6% used [0x0000000746000000,0x00000007467f0b78,0x000000074dc00000)
 PSPermGen       total 23552K, used 23042K [0x0000000740e00000, 0x0000000742500000, 0x0000000746000000)
  object space 23552K, 97% used [0x0000000740e00000,0x0000000742480ad0,0x0000000742500000)
Event: 3,183 GC heap after
Heap after GC invocations=4 (full 0):
 PSYoungGen      total 55808K, used 7677K [0x00000007c2000000, 0x00000007c8d00000, 0x0000000800000000)
  eden space 48128K, 0% used [0x00000007c2000000,0x00000007c2000000,0x00000007c4f00000)
  from space 7680K, 99% used [0x00000007c5680000,0x00000007c5dff790,0x00000007c5e00000)
  to   space 7680K, 0% used [0x00000007c4f00000,0x00000007c4f00000,0x00000007c5680000)
 ParOldGen       total 126976K, used 11878K [0x0000000746000000, 0x000000074dc00000, 0x00000007c2000000)
  object space 126976K, 9% used [0x0000000746000000,0x0000000746b99a18,0x000000074dc00000)
 PSPermGen       total 23552K, used 23042K [0x0000000740e00000, 0x0000000742500000, 0x0000000746000000)
  object space 23552K, 97% used [0x0000000740e00000,0x0000000742480ad0,0x0000000742500000)
}
Event: 3,242 GC heap before
{Heap before GC invocations=5 (full 0):
 PSYoungGen      total 55808K, used 13034K [0x00000007c2000000, 0x00000007c8d00000, 0x0000000800000000)
  eden space 48128K, 11% used [0x00000007c2000000,0x00000007c253b350,0x00000007c4f00000)
  from space 7680K, 99% used [0x00000007c5680000,0x00000007c5dff790,0x00000007c5e00000)
  to   space 7680K, 0% used [0x00000007c4f00000,0x00000007c4f00000,0x00000007c5680000)
 ParOldGen       total 126976K, used 11878K [0x0000000746000000, 0x000000074dc00000, 0x00000007c2000000)
  object space 126976K, 9% used [0x0000000746000000,0x0000000746b99a18,0x000000074dc00000)
 PSPermGen       total 23552K, used 23265K [0x0000000740e00000, 0x0000000742500000, 0x0000000746000000)
  object space 23552K, 98% used [0x0000000740e00000,0x00000007424b84b0,0x0000000742500000)
Event: 3,251 GC heap after
Heap after GC invocations=5 (full 0):
 PSYoungGen      total 55808K, used 7661K [0x00000007c2000000, 0x00000007c8d00000, 0x0000000800000000)
  eden space 48128K, 0% used [0x00000007c2000000,0x00000007c2000000,0x00000007c4f00000)
  from space 7680K, 99% used [0x00000007c4f00000,0x00000007c567b780,0x00000007c5680000)
  to   space 7680K, 0% used [0x00000007c8580000,0x00000007c8580000,0x00000007c8d00000)
 ParOldGen       total 126976K, used 12455K [0x0000000746000000, 0x000000074dc00000, 0x00000007c2000000)
  object space 126976K, 9% used [0x0000000746000000,0x0000000746c29ea8,0x000000074dc00000)
 PSPermGen       total 23552K, used 23265K [0x0000000740e00000, 0x0000000742500000, 0x0000000746000000)
  object space 23552K, 98% used [0x0000000740e00000,0x00000007424b84b0,0x0000000742500000)
}
Event: 3,251 GC heap before
{Heap before GC invocations=6 (full 1):
 PSYoungGen      total 55808K, used 7661K [0x00000007c2000000, 0x00000007c8d00000, 0x0000000800000000)
  eden space 48128K, 0% used [0x00000007c2000000,0x00000007c2000000,0x00000007c4f00000)
  from space 7680K, 99% used [0x00000007c4f00000,0x00000007c567b780,0x00000007c5680000)
  to   space 7680K, 0% used [0x00000007c8580000,0x00000007c8580000,0x00000007c8d00000)
 ParOldGen       total 126976K, used 12455K [0x0000000746000000, 0x000000074dc00000, 0x00000007c2000000)
  object space 126976K, 9% used [0x0000000746000000,0x0000000746c29ea8,0x000000074dc00000)
 PSPermGen       total 23552K, used 23265K [0x0000000740e00000, 0x0000000742500000, 0x0000000746000000)
  object space 23552K, 98% used [0x0000000740e00000,0x00000007424b84b0,0x0000000742500000)

Deoptimization events (10 events):
Event: 2,937 Thread 0x00007f7a848c8800 Uncommon trap: reason=unreached action=reinterpret pc=0x00007f7a81112a78 method=java.io.BufferedReader.readLine(Z)Ljava/lang/String; @ 192
Event: 2,938 Thread 0x00007f7a848b9000 Uncommon trap: reason=class_check action=maybe_recompile pc=0x00007f7a8110cb44 method=java.util.Hashtable.get(Ljava/lang/Object;)Ljava/lang/Object; @ 46
Event: 2,938 Thread 0x00007f7a848b9000 Uncommon trap: reason=class_check action=maybe_recompile pc=0x00007f7a8110cb44 method=java.util.Hashtable.get(Ljava/lang/Object;)Ljava/lang/Object; @ 46
Event: 2,955 Thread 0x00007f7a8400a000 Uncommon trap: reason=null_check action=make_not_entrant pc=0x00007f7a8119a004 method=org.eclipse.sisu.inject.RankedSequence.topRank()I @ 4
Event: 3,000 Thread 0x00007f7a8400a000 Uncommon trap: reason=null_check action=make_not_entrant pc=0x00007f7a8118972c method=org.eclipse.sisu.inject.RankedSequence.topRank()I @ 4
Event: 3,103 Thread 0x00007f7a8400a000 Uncommon trap: reason=bimorphic action=maybe_recompile pc=0x00007f7a810eaadc method=java.util.regex.Pattern$CharProperty.match(Ljava/util/regex/Matcher;ILjava/lang/CharSequence;)Z @ 37
Event: 3,154 Thread 0x00007f7a8400a000 Uncommon trap: reason=null_check action=make_not_entrant pc=0x00007f7a8109ae80 method=sun.nio.cs.StreamDecoder.inReady()Z @ 21
Event: 3,166 Thread 0x00007f7a8400a000 Uncommon trap: reason=class_check action=maybe_recompile pc=0x00007f7a8110cb44 method=java.util.Hashtable.get(Ljava/lang/Object;)Ljava/lang/Object; @ 46
Event: 3,166 Thread 0x00007f7a8400a000 Uncommon trap: reason=class_check action=maybe_recompile pc=0x00007f7a8110cb44 method=java.util.Hashtable.get(Ljava/lang/Object;)Ljava/lang/Object; @ 46
Event: 3,189 Thread 0x00007f7a8400a000 Uncommon trap: reason=null_check action=make_not_entrant pc=0x00007f7a811ba7d4 method=sun.nio.cs.StreamDecoder.inReady()Z @ 21

Internal exceptions (10 events):
Event: 3,237 Thread 0x00007f7a8400a000 Threw 0x00000007c241d988 at /HUDSON/workspace/7u-2-build-linux-amd64@2/jdk7u51/527/hotspot/src/share/vm/prims/jvm.cpp:1244
Event: 3,237 Thread 0x00007f7a8400a000 Threw 0x00000007c241e180 at /HUDSON/workspace/7u-2-build-linux-amd64@2/jdk7u51/527/hotspot/src/share/vm/prims/jvm.cpp:1244
Event: 3,239 Thread 0x00007f7a8400a000 Threw 0x00000007c242f4f0 at /HUDSON/workspace/7u-2-build-linux-amd64@2/jdk7u51/527/hotspot/src/share/vm/prims/jvm.cpp:1244
Event: 3,239 Thread 0x00007f7a8400a000 Threw 0x00000007c242fc40 at /HUDSON/workspace/7u-2-build-linux-amd64@2/jdk7u51/527/hotspot/src/share/vm/prims/jvm.cpp:1244
Event: 3,240 Thread 0x00007f7a8400a000 Threw 0x00000007c2452788 at /HUDSON/workspace/7u-2-build-linux-amd64@2/jdk7u51/527/hotspot/src/share/vm/prims/jvm.cpp:1244
Event: 3,240 Thread 0x00007f7a8400a000 Threw 0x00000007c2452fd0 at /HUDSON/workspace/7u-2-build-linux-amd64@2/jdk7u51/527/hotspot/src/share/vm/prims/jvm.cpp:1244
Event: 3,240 Thread 0x00007f7a8400a000 Threw 0x00000007c2457998 at /HUDSON/workspace/7u-2-build-linux-amd64@2/jdk7u51/527/hotspot/src/share/vm/prims/jvm.cpp:1244
Event: 3,240 Thread 0x00007f7a8400a000 Threw 0x00000007c2458190 at /HUDSON/workspace/7u-2-build-linux-amd64@2/jdk7u51/527/hotspot/src/share/vm/prims/jvm.cpp:1244
Event: 3,241 Thread 0x00007f7a8400a000 Threw 0x00000007c24631b0 at /HUDSON/workspace/7u-2-build-linux-amd64@2/jdk7u51/527/hotspot/src/share/vm/prims/jvm.cpp:1244
Event: 3,241 Thread 0x00007f7a8400a000 Threw 0x00000007c24639a8 at /HUDSON/workspace/7u-2-build-linux-amd64@2/jdk7u51/527/hotspot/src/share/vm/prims/jvm.cpp:1244

Events (10 events):
Event: 3,239 loading class 0x00007f7a84458be0 done
Event: 3,239 Thread 0x00007f7a8409a000 flushing nmethod 0x00007f7a81154cd0
Event: 3,239 Thread 0x00007f7a8409a000 flushing nmethod 0x00007f7a81157f10
Event: 3,240 loading class 0x00007f7a8446d200
Event: 3,240 loading class 0x00007f7a8446d200 done
Event: 3,240 loading class 0x00007f7a84885c70
Event: 3,240 loading class 0x00007f7a84885c70 done
Event: 3,241 loading class 0x00007f7a84503fb0
Event: 3,241 loading class 0x00007f7a84503fb0 done
Event: 3,242 Executing VM operation: ParallelGCSystemGC


Dynamic libraries:
00400000-00401000 r-xp 00000000 08:02 10494450                           /usr/lib/jvm/java-7-oracle/bin/java
00600000-00601000 rw-p 00000000 08:02 10494450                           /usr/lib/jvm/java-7-oracle/bin/java
01700000-01721000 rw-p 00000000 00:00 0                                  [heap]
740e00000-742500000 rw-p 00000000 00:00 0 
742500000-746000000 rw-p 00000000 00:00 0 
746000000-74dc00000 rw-p 00000000 00:00 0 
74dc00000-7c2000000 rw-p 00000000 00:00 0 
7c2000000-7c8d00000 rw-p 00000000 00:00 0 
7c8d00000-800000000 rw-p 00000000 00:00 0 
7f7a08000000-7f7a08021000 rw-p 00000000 00:00 0 
7f7a08021000-7f7a0c000000 ---p 00000000 00:00 0 
7f7a10000000-7f7a10021000 rw-p 00000000 00:00 0 
7f7a10021000-7f7a14000000 ---p 00000000 00:00 0 
7f7a14000000-7f7a14021000 rw-p 00000000 00:00 0 
7f7a14021000-7f7a18000000 ---p 00000000 00:00 0 
7f7a18000000-7f7a18021000 rw-p 00000000 00:00 0 
7f7a18021000-7f7a1c000000 ---p 00000000 00:00 0 
7f7a1c000000-7f7a1c024000 rw-p 00000000 00:00 0 
7f7a1c024000-7f7a20000000 ---p 00000000 00:00 0 
7f7a20000000-7f7a20021000 rw-p 00000000 00:00 0 
7f7a20021000-7f7a24000000 ---p 00000000 00:00 0 
7f7a24000000-7f7a24021000 rw-p 00000000 00:00 0 
7f7a24021000-7f7a28000000 ---p 00000000 00:00 0 
7f7a28000000-7f7a28021000 rw-p 00000000 00:00 0 
7f7a28021000-7f7a2c000000 ---p 00000000 00:00 0 
7f7a2c000000-7f7a2c021000 rw-p 00000000 00:00 0 
7f7a2c021000-7f7a30000000 ---p 00000000 00:00 0 
7f7a30000000-7f7a30633000 rw-p 00000000 00:00 0 
7f7a30633000-7f7a34000000 ---p 00000000 00:00 0 
7f7a34000000-7f7a34021000 rw-p 00000000 00:00 0 
7f7a34021000-7f7a38000000 ---p 00000000 00:00 0 
7f7a38000000-7f7a38021000 rw-p 00000000 00:00 0 
7f7a38021000-7f7a3c000000 ---p 00000000 00:00 0 
7f7a3c000000-7f7a3c8a9000 rw-p 00000000 00:00 0 
7f7a3c8a9000-7f7a40000000 ---p 00000000 00:00 0 
7f7a40000000-7f7a40021000 rw-p 00000000 00:00 0 
7f7a40021000-7f7a44000000 ---p 00000000 00:00 0 
7f7a44000000-7f7a44021000 rw-p 00000000 00:00 0 
7f7a44021000-7f7a48000000 ---p 00000000 00:00 0 
7f7a48000000-7f7a48021000 rw-p 00000000 00:00 0 
7f7a48021000-7f7a4c000000 ---p 00000000 00:00 0 
7f7a4e070000-7f7a54000000 rw-p 00000000 00:00 0 
7f7a54000000-7f7a54021000 rw-p 00000000 00:00 0 
7f7a54021000-7f7a58000000 ---p 00000000 00:00 0 
7f7a5c000000-7f7a5c021000 rw-p 00000000 00:00 0 
7f7a5c021000-7f7a60000000 ---p 00000000 00:00 0 
7f7a64000000-7f7a64021000 rw-p 00000000 00:00 0 
7f7a64021000-7f7a68000000 ---p 00000000 00:00 0 
7f7a68ecb000-7f7a68ecc000 rw-p 00000000 00:00 0 
7f7a68ecc000-7f7a68ecd000 r--s 00002000 08:02 1453129                    /home/shybovycha/.m2/repository/org/codehaus/plexus/plexus-digest/1.0/plexus-digest-1.0.jar
7f7a68ecd000-7f7a68ed1000 r--s 00035000 08:02 1453130                    /home/shybovycha/.m2/repository/org/codehaus/plexus/plexus-utils/3.0.5/plexus-utils-3.0.5.jar
7f7a68ed1000-7f7a68ed2000 r--s 00006000 08:02 11534415                   /home/shybovycha/.m2/repository/org/apache/maven/plugins/maven-install-plugin/2.4/maven-install-plugin-2.4.jar
7f7a68ed2000-7f7a68ed6000 r--s 00034000 08:02 6431058                    /home/shybovycha/.m2/repository/org/codehaus/plexus/plexus-utils/3.0/plexus-utils-3.0.jar
7f7a68ed6000-7f7a68eda000 r--s 0002f000 08:02 6422699                    /home/shybovycha/.m2/repository/commons-lang/commons-lang/2.1/commons-lang-2.1.jar
7f7a68eda000-7f7a68edd000 r--s 0000c000 08:02 6295063                    /home/shybovycha/.m2/repository/org/codehaus/plexus/plexus-io/2.0.2/plexus-io-2.0.2.jar
7f7a68edd000-7f7a68ee2000 r--s 00029000 08:02 6295064                    /home/shybovycha/.m2/repository/org/codehaus/plexus/plexus-archiver/2.1/plexus-archiver-2.1.jar
7f7a68ee2000-7f7a68ee4000 r--s 0000d000 08:02 6295062                    /home/shybovycha/.m2/repository/org/codehaus/plexus/plexus-interpolation/1.15/plexus-interpolation-1.15.jar
7f7a68ee4000-7f7a68ee6000 r--s 00004000 08:02 6295061                    /home/shybovycha/.m2/repository/org/apache/maven/maven-archiver/2.5/maven-archiver-2.5.jar
7f7a68ee6000-7f7a68ee8000 r--s 00007000 08:02 11939558                   /home/shybovycha/.m2/repository/org/apache/maven/plugins/maven-jar-plugin/2.4/maven-jar-plugin-2.4.jar
7f7a68ee8000-7f7a68eeb000 ---p 00000000 00:00 0 
7f7a68eeb000-7f7a68fe9000 rw-p 00000000 00:00 0 
7f7a68fe9000-7f7a68fec000 ---p 00000000 00:00 0 
7f7a68fec000-7f7a690ea000 rw-p 00000000 00:00 0 
7f7a690ea000-7f7a690ed000 ---p 00000000 00:00 0 
7f7a690ed000-7f7a69123000 rw-p 00000000 00:00 0                          [stack:12141]
7f7a69123000-7f7a69126000 ---p 00000000 00:00 0 
7f7a69126000-7f7a69224000 rw-p 00000000 00:00 0 
7f7a69224000-7f7a69227000 ---p 00000000 00:00 0 
7f7a69227000-7f7a69325000 rw-p 00000000 00:00 0                          [stack:12137]
7f7a69325000-7f7a69328000 ---p 00000000 00:00 0 
7f7a69328000-7f7a69426000 rw-p 00000000 00:00 0                          [stack:12136]
7f7a69426000-7f7a69429000 ---p 00000000 00:00 0 
7f7a69429000-7f7a69527000 rw-p 00000000 00:00 0                          [stack:12135]
7f7a69527000-7f7a6952a000 ---p 00000000 00:00 0 
7f7a6952a000-7f7a69628000 rw-p 00000000 00:00 0                          [stack:12134]
7f7a69628000-7f7a6962a000 r--s 00002000 08:02 11939643                   /home/shybovycha/.m2/repository/org/apache/maven/plugin-tools/maven-plugin-annotations/3.1/maven-plugin-annotations-3.1.jar
7f7a6962a000-7f7a6962b000 r--s 00002000 08:02 6294334                    /home/shybovycha/.m2/repository/org/apache/maven/reporting/maven-reporting-api/2.0.9/maven-reporting-api-2.0.9.jar
7f7a6962b000-7f7a6962f000 r--s 00035000 08:02 1453116                    /home/shybovycha/.m2/repository/org/codehaus/plexus/plexus-utils/3.0.8/plexus-utils-3.0.8.jar
7f7a6962f000-7f7a69631000 r--s 00006000 08:02 6294331                    /home/shybovycha/.m2/repository/org/apache/maven/shared/maven-common-artifact-filters/1.3/maven-common-artifact-filters-1.3.jar
7f7a69631000-7f7a69637000 r--s 00048000 08:02 11939640                   /home/shybovycha/.m2/repository/org/apache/commons/commons-lang3/3.1/commons-lang3-3.1.jar
7f7a69637000-7f7a6963c000 r--s 0003c000 08:02 1453117                    /home/shybovycha/.m2/repository/org/apache/maven/surefire/maven-surefire-common/2.12.4/maven-surefire-common-2.12.4.jar
7f7a6963c000-7f7a69640000 r--s 00019000 08:02 11939641                   /home/shybovycha/.m2/repository/org/apache/maven/surefire/surefire-api/2.12.4/surefire-api-2.12.4.jar
7f7a69640000-7f7a69642000 r--s 00007000 08:02 11939639                   /home/shybovycha/.m2/repository/org/apache/maven/surefire/surefire-booter/2.12.4/surefire-booter-2.12.4.jar
7f7a69642000-7f7a69643000 r--s 00007000 08:02 11016631                   /home/shybovycha/.m2/repository/org/apache/maven/plugins/maven-surefire-plugin/2.12.4/maven-surefire-plugin-2.12.4.jar
7f7a69643000-7f7a6964a000 r--s 00000000 08:02 8652357                    /usr/lib/x86_64-linux-gnu/gconv/gconv-modules.cache
7f7a6964a000-7f7a6967a000 r--p 00000000 08:02 8791392                    /usr/share/locale-langpack/uk/LC_MESSAGES/libc.mo
7f7a6967a000-7f7a696e4000 r--s 00e1b000 08:02 10494486                   /usr/lib/jvm/java-7-oracle/lib/tools.jar
7f7a696e4000-7f7a696e5000 r--s 00002000 08:02 6295031                    /home/shybovycha/.m2/repository/org/codehaus/plexus/plexus-compiler-javac/1.6/plexus-compiler-javac-1.6.jar
7f7a696e5000-7f7a696e7000 r--s 00000000 08:02 6295030                    /home/shybovycha/.m2/repository/org/codehaus/plexus/plexus-compiler-manager/1.6/plexus-compiler-manager-1.6.jar
7f7a696e7000-7f7a696e8000 r--s 00004000 08:02 6295029                    /home/shybovycha/.m2/repository/org/codehaus/plexus/plexus-compiler-api/1.6/plexus-compiler-api-1.6.jar
7f7a696e8000-7f7a696ec000 r--s 00030000 08:02 1453106                    /home/shybovycha/.m2/repository/org/codehaus/plexus/plexus-utils/1.5.1/plexus-utils-1.5.1.jar
7f7a696ec000-7f7a696ed000 r--s 00006000 08:02 11939602                   /home/shybovycha/.m2/repository/org/apache/maven/plugins/maven-compiler-plugin/2.1/maven-compiler-plugin-2.1.jar
7f7a696ed000-7f7a696ef000 r--s 0000d000 08:02 6294195                    /home/shybovycha/.m2/repository/org/codehaus/plexus/plexus-interpolation/1.13/plexus-interpolation-1.13.jar
7f7a696ef000-7f7a696f0000 r--s 00001000 08:02 9725447                    /home/shybovycha/.m2/repository/org/sonatype/plexus/plexus-build-api/0.0.4/plexus-build-api-0.0.4.jar
7f7a696f0000-7f7a696f2000 r--s 00009000 08:02 6295039                    /home/shybovycha/.m2/repository/org/apache/maven/shared/maven-filtering/1.1/maven-filtering-1.1.jar
7f7a696f2000-7f7a696f6000 r--s 00033000 08:02 5782713                    /home/shybovycha/.m2/repository/org/codehaus/plexus/plexus-utils/2.0.5/plexus-utils-2.0.5.jar
7f7a696f6000-7f7a696f9000 r--s 0001b000 08:02 5782712                    /home/shybovycha/.m2/repository/junit/junit/3.8.1/junit-3.8.1.jar
7f7a696f9000-7f7a696fb000 r--s 00002000 08:02 5512790                    /home/shybovycha/.m2/repository/org/codehaus/plexus/plexus-interactivity-api/1.0-alpha-4/plexus-interactivity-api-1.0-alpha-4.jar
7f7a696fb000-7f7a696fd000 r--s 00006000 08:02 6165743                    /home/shybovycha/.m2/repository/commons-cli/commons-cli/1.0/commons-cli-1.0.jar
7f7a696fd000-7f7a696fe000 r--s 00001000 08:02 6294191                    /home/shybovycha/.m2/repository/org/apache/maven/doxia/doxia-sink-api/1.0-alpha-7/doxia-sink-api-1.0-alpha-7.jar
7f7a696fe000-7f7a696ff000 r--s 00002000 08:02 6294190                    /home/shybovycha/.m2/repository/org/apache/maven/reporting/maven-reporting-api/2.0.6/maven-reporting-api-2.0.6.jar
7f7a696ff000-7f7a69701000 r--s 00006000 08:02 10368729                   /home/shybovycha/.m2/repository/org/apache/maven/plugins/maven-resources-plugin/2.6/maven-resources-plugin-2.6.jar
7f7a69701000-7f7a69705000 r--s 0008a000 08:02 9048317                    /usr/lib/jvm/java-7-oracle/jre/lib/jsse.jar
7f7a69705000-7f7a69736000 rw-p 00000000 00:00 0 
7f7a69736000-7f7a6974c000 r-xp 00000000 08:02 10489015                   /usr/lib/jvm/java-7-oracle/jre/lib/amd64/libnet.so
7f7a6974c000-7f7a6994c000 ---p 00016000 08:02 10489015                   /usr/lib/jvm/java-7-oracle/jre/lib/amd64/libnet.so
7f7a6994c000-7f7a6994d000 rw-p 00016000 08:02 10489015                   /usr/lib/jvm/java-7-oracle/jre/lib/amd64/libnet.so
7f7a6994d000-7f7a6995d000 r-xp 00000000 08:02 10488979                   /usr/lib/jvm/java-7-oracle/jre/lib/amd64/libnio.so
7f7a6995d000-7f7a69b5d000 ---p 00010000 08:02 10488979                   /usr/lib/jvm/java-7-oracle/jre/lib/amd64/libnio.so
7f7a69b5d000-7f7a69b5e000 rw-p 00010000 08:02 10488979                   /usr/lib/jvm/java-7-oracle/jre/lib/amd64/libnio.so
7f7a69b5e000-7f7a69b5f000 r--s 0000e000 08:02 12322338                   /home/shybovycha/apache-maven-3.2.1/lib/maven-aether-provider-3.2.1.jar
7f7a69b5f000-7f7a69b63000 r--s 00020000 08:02 12322342                   /home/shybovycha/apache-maven-3.2.1/lib/aether-impl-0.9.0.M2.jar
7f7a69b63000-7f7a69b64000 r--s 00000000 08:02 12322332                   /home/shybovycha/apache-maven-3.2.1/lib/javax.inject-1.jar
7f7a69b64000-7f7a69b65000 r--s 00002000 08:02 12341256                   /home/shybovycha/apache-maven-3.2.1/lib/slf4j-simple-1.7.5.jar
7f7a69b65000-7f7a69b84000 r--s 00134000 08:02 12335964                   /home/shybovycha/apache-maven-3.2.1/lib/wagon-http-2.6-shaded.jar
7f7a69b84000-7f7a69b88000 r--s 0003a000 08:02 12322146                   /home/shybovycha/apache-maven-3.2.1/lib/plexus-utils-3.0.17.jar
7f7a69b88000-7f7a69b89000 r--s 00001000 08:02 12322331                   /home/shybovycha/apache-maven-3.2.1/lib/jsr250-api-1.0.jar
7f7a69b89000-7f7a69b8a000 r--s 00002000 08:02 12335983                   /home/shybovycha/apache-maven-3.2.1/lib/wagon-http-shared-2.6.jar
7f7a69b8a000-7f7a69b8c000 r--s 0000b000 08:02 12322355                   /home/shybovycha/apache-maven-3.2.1/lib/wagon-provider-api-2.6.jar
7f7a69b8c000-7f7a69b91000 r--s 00024000 08:02 12322337                   /home/shybovycha/apache-maven-3.2.1/lib/maven-model-builder-3.2.1.jar
7f7a69b91000-7f7a69b94000 r--s 0000d000 08:02 12322197                   /home/shybovycha/apache-maven-3.2.1/lib/plexus-interpolation-1.19.jar
7f7a69b94000-7f7a69b97000 r--s 0000b000 08:02 12322326                   /home/shybovycha/apache-maven-3.2.1/lib/maven-artifact-3.2.1.jar
7f7a69b97000-7f7a69b99000 r--s 00003000 08:02 12322340                   /home/shybovycha/apache-maven-3.2.1/lib/aether-spi-0.9.0.M2.jar
7f7a69b99000-7f7a69b9b000 r--s 00009000 08:02 12322144                   /home/shybovycha/apache-maven-3.2.1/lib/maven-settings-3.2.1.jar
7f7a69b9b000-7f7a69b9f000 r--s 0001d000 08:02 12322339                   /home/shybovycha/apache-maven-3.2.1/lib/aether-api-0.9.0.M2.jar
7f7a69b9f000-7f7a69ba1000 r--s 00007000 08:02 12336723                   /home/shybovycha/apache-maven-3.2.1/lib/aether-connector-wagon-0.9.0.M2.jar
7f7a69ba1000-7f7a69ba5000 r--s 00027000 08:02 12335986                   /home/shybovycha/apache-maven-3.2.1/lib/commons-io-2.2.jar
7f7a69ba5000-7f7a69bce000 r--s 001ee000 08:02 12322333                   /home/shybovycha/apache-maven-3.2.1/lib/guava-14.0.1.jar
7f7a69bce000-7f7a69bd2000 r--s 0001d000 08:02 12322341                   /home/shybovycha/apache-maven-3.2.1/lib/aether-util-0.9.0.M2.jar
7f7a69bd2000-7f7a69bd8000 r--s 0002a000 08:02 12322329                   /home/shybovycha/apache-maven-3.2.1/lib/org.eclipse.sisu.plexus-0.0.0.M5.jar
7f7a69bd8000-7f7a69bdd000 r--s 00041000 08:02 12335985                   /home/shybovycha/apache-maven-3.2.1/lib/commons-lang-2.6.jar
7f7a69bdd000-7f7a69be3000 r--s 00042000 08:02 12322336                   /home/shybovycha/apache-maven-3.2.1/lib/org.eclipse.sisu.inject-0.0.0.M5.jar
7f7a69be3000-7f7a69be9000 r--s 00042000 08:02 12335984                   /home/shybovycha/apache-maven-3.2.1/lib/jsoup-1.7.2.jar
7f7a69be9000-7f7a69beb000 r--s 00005000 08:02 12322325                   /home/shybovycha/apache-maven-3.2.1/lib/maven-repository-metadata-3.2.1.jar
7f7a69beb000-7f7a69bf3000 r--s 00050000 08:02 12322334                   /home/shybovycha/apache-maven-3.2.1/lib/sisu-guice-3.1.3-no_aop.jar
7f7a69bf3000-7f7a69bf6000 r--s 00025000 08:02 12322192                   /home/shybovycha/apache-maven-3.2.1/lib/maven-model-3.2.1.jar
7f7a69bf6000-7f7a69bfd000 r--s 0003f000 08:02 12322352                   /home/shybovycha/apache-maven-3.2.1/lib/maven-compat-3.2.1.jar
7f7a69bfd000-7f7a69c09000 r--s 00081000 08:02 12322148                   /home/shybovycha/apache-maven-3.2.1/lib/maven-core-3.2.1.jar
7f7a69c09000-7f7a69c0a000 ---p 00000000 00:00 0 
7f7a69c0a000-7f7a69d0a000 rw-p 00000000 00:00 0                          [stack:12128]
7f7a69d0a000-7f7a69d0d000 ---p 00000000 00:00 0 
7f7a69d0d000-7f7a69e0b000 rw-p 00000000 00:00 0                          [stack:12127]
7f7a69e0b000-7f7a69e0e000 ---p 00000000 00:00 0 
7f7a69e0e000-7f7a69f0c000 rw-p 00000000 00:00 0                          [stack:12126]
7f7a69f0c000-7f7a69f0f000 ---p 00000000 00:00 0 
7f7a69f0f000-7f7a6a00d000 rw-p 00000000 00:00 0                          [stack:12125]
7f7a6a00d000-7f7a6a010000 ---p 00000000 00:00 0 
7f7a6a010000-7f7a6a10e000 rw-p 00000000 00:00 0                          [stack:12124]
7f7a6a10e000-7f7a6a541000 r--p 00000000 08:02 8396089                    /usr/lib/locale/locale-archive
7f7a6a541000-7f7a6a544000 ---p 00000000 00:00 0 
7f7a6a544000-7f7a6a642000 rw-p 00000000 00:00 0                          [stack:12123]
7f7a6a642000-7f7a6a645000 ---p 00000000 00:00 0 
7f7a6a645000-7f7a6a743000 rw-p 00000000 00:00 0                          [stack:12122]
7f7a6a743000-7f7a6a744000 ---p 00000000 00:00 0 
7f7a6a744000-7f7a6c000000 rw-p 00000000 00:00 0                          [stack:12121]
7f7a6c000000-7f7a6c021000 rw-p 00000000 00:00 0 
7f7a6c021000-7f7a70000000 ---p 00000000 00:00 0 
7f7a70000000-7f7a70021000 rw-p 00000000 00:00 0 
7f7a70021000-7f7a74000000 ---p 00000000 00:00 0 
7f7a74000000-7f7a74021000 rw-p 00000000 00:00 0 
7f7a74021000-7f7a78000000 ---p 00000000 00:00 0 
7f7a78000000-7f7a7824c000 rw-p 00000000 00:00 0 
7f7a7824c000-7f7a7c000000 ---p 00000000 00:00 0 
7f7a7c000000-7f7a7c021000 rw-p 00000000 00:00 0 
7f7a7c021000-7f7a80000000 ---p 00000000 00:00 0 
7f7a80000000-7f7a80002000 r--s 0000d000 08:02 12322132                   /home/shybovycha/apache-maven-3.2.1/lib/maven-embedder-3.2.1.jar
7f7a80002000-7f7a80004000 r--s 0000a000 08:02 12322327                   /home/shybovycha/apache-maven-3.2.1/lib/maven-plugin-api-3.2.1.jar
7f7a80004000-7f7a80006000 r--s 00009000 08:02 12335959                   /home/shybovycha/apache-maven-3.2.1/lib/commons-cli-1.2.jar
7f7a80006000-7f7a80476000 rw-p 00000000 00:00 0 
7f7a80476000-7f7a80633000 r--s 039bf000 08:02 9048329                    /usr/lib/jvm/java-7-oracle/jre/lib/rt.jar
7f7a80633000-7f7a80cfd000 rw-p 00000000 00:00 0 
7f7a80cfd000-7f7a80cfe000 ---p 00000000 00:00 0 
7f7a80cfe000-7f7a80dfe000 rw-p 00000000 00:00 0                          [stack:12120]
7f7a80dfe000-7f7a80dff000 ---p 00000000 00:00 0 
7f7a80dff000-7f7a80eff000 rw-p 00000000 00:00 0                          [stack:12119]
7f7a80eff000-7f7a80f00000 ---p 00000000 00:00 0 
7f7a80f00000-7f7a81000000 rw-p 00000000 00:00 0                          [stack:12118]
7f7a81000000-7f7a81270000 rwxp 00000000 00:00 0 
7f7a81270000-7f7a849c6000 rw-p 00000000 00:00 0 
7f7a849c6000-7f7a88000000 ---p 00000000 00:00 0 
7f7a88000000-7f7a88001000 r--s 00006000 08:02 12322199                   /home/shybovycha/apache-maven-3.2.1/lib/plexus-sec-dispatcher-1.3.jar
7f7a88001000-7f7a88003000 r--s 00009000 08:02 12322195                   /home/shybovycha/apache-maven-3.2.1/lib/maven-settings-builder-3.2.1.jar
7f7a88003000-7f7a88005000 r--s 00000000 08:02 12322198                   /home/shybovycha/apache-maven-3.2.1/lib/plexus-component-annotations-1.5.5.jar
7f7a88005000-7f7a880ab000 rw-p 00000000 00:00 0 
7f7a880ab000-7f7a880ac000 ---p 00000000 00:00 0 
7f7a880ac000-7f7a881ac000 rw-p 00000000 00:00 0                          [stack:12117]
7f7a881ac000-7f7a881ad000 ---p 00000000 00:00 0 
7f7a881ad000-7f7a882ad000 rw-p 00000000 00:00 0                          [stack:12116]
7f7a882ad000-7f7a882ae000 ---p 00000000 00:00 0 
7f7a882ae000-7f7a883ae000 rw-p 00000000 00:00 0                          [stack:12115]
7f7a883ae000-7f7a883af000 ---p 00000000 00:00 0 
7f7a883af000-7f7a884af000 rw-p 00000000 00:00 0                          [stack:12114]
7f7a884af000-7f7a884b0000 ---p 00000000 00:00 0 
7f7a884b0000-7f7a885bc000 rw-p 00000000 00:00 0                          [stack:12113]
7f7a885bc000-7f7a885d9000 rw-p 00000000 00:00 0 
7f7a885d9000-7f7a88617000 rw-p 00000000 00:00 0 
7f7a88617000-7f7a889b9000 rw-p 00000000 00:00 0 
7f7a889b9000-7f7a889c5000 rw-p 00000000 00:00 0 
7f7a889c5000-7f7a889e2000 rw-p 00000000 00:00 0 
7f7a889e2000-7f7a88a20000 rw-p 00000000 00:00 0 
7f7a88a20000-7f7a88dc2000 rw-p 00000000 00:00 0 
7f7a88dc2000-7f7a88df9000 rw-p 00000000 00:00 0 
7f7a88df9000-7f7a88fb2000 rw-p 00000000 00:00 0 
7f7a88fb2000-7f7a88fb3000 rw-p 00000000 00:00 0 
7f7a88fb3000-7f7a88fcd000 r-xp 00000000 08:02 10488970                   /usr/lib/jvm/java-7-oracle/jre/lib/amd64/libzip.so
7f7a88fcd000-7f7a891cd000 ---p 0001a000 08:02 10488970                   /usr/lib/jvm/java-7-oracle/jre/lib/amd64/libzip.so
7f7a891cd000-7f7a891ce000 rw-p 0001a000 08:02 10488970                   /usr/lib/jvm/java-7-oracle/jre/lib/amd64/libzip.so
7f7a891ce000-7f7a891da000 r-xp 00000000 08:02 4984692                    /lib/x86_64-linux-gnu/libnss_files-2.17.so
7f7a891da000-7f7a893d9000 ---p 0000c000 08:02 4984692                    /lib/x86_64-linux-gnu/libnss_files-2.17.so
7f7a893d9000-7f7a893da000 r--p 0000b000 08:02 4984692                    /lib/x86_64-linux-gnu/libnss_files-2.17.so
7f7a893da000-7f7a893db000 rw-p 0000c000 08:02 4984692                    /lib/x86_64-linux-gnu/libnss_files-2.17.so
7f7a893db000-7f7a893e6000 r-xp 00000000 08:02 4984696                    /lib/x86_64-linux-gnu/libnss_nis-2.17.so
7f7a893e6000-7f7a895e5000 ---p 0000b000 08:02 4984696                    /lib/x86_64-linux-gnu/libnss_nis-2.17.so
7f7a895e5000-7f7a895e6000 r--p 0000a000 08:02 4984696                    /lib/x86_64-linux-gnu/libnss_nis-2.17.so
7f7a895e6000-7f7a895e7000 rw-p 0000b000 08:02 4984696                    /lib/x86_64-linux-gnu/libnss_nis-2.17.so
7f7a895e7000-7f7a895fe000 r-xp 00000000 08:02 4984686                    /lib/x86_64-linux-gnu/libnsl-2.17.so
7f7a895fe000-7f7a897fd000 ---p 00017000 08:02 4984686                    /lib/x86_64-linux-gnu/libnsl-2.17.so
7f7a897fd000-7f7a897fe000 r--p 00016000 08:02 4984686                    /lib/x86_64-linux-gnu/libnsl-2.17.so
7f7a897fe000-7f7a897ff000 rw-p 00017000 08:02 4984686                    /lib/x86_64-linux-gnu/libnsl-2.17.so
7f7a897ff000-7f7a89801000 rw-p 00000000 00:00 0 
7f7a89801000-7f7a89809000 r-xp 00000000 08:02 4984688                    /lib/x86_64-linux-gnu/libnss_compat-2.17.so
7f7a89809000-7f7a89a08000 ---p 00008000 08:02 4984688                    /lib/x86_64-linux-gnu/libnss_compat-2.17.so
7f7a89a08000-7f7a89a09000 r--p 00007000 08:02 4984688                    /lib/x86_64-linux-gnu/libnss_compat-2.17.so
7f7a89a09000-7f7a89a0a000 rw-p 00008000 08:02 4984688                    /lib/x86_64-linux-gnu/libnss_compat-2.17.so
7f7a89a0a000-7f7a89a33000 r-xp 00000000 08:02 10488992                   /usr/lib/jvm/java-7-oracle/jre/lib/amd64/libjava.so
7f7a89a33000-7f7a89c33000 ---p 00029000 08:02 10488992                   /usr/lib/jvm/java-7-oracle/jre/lib/amd64/libjava.so
7f7a89c33000-7f7a89c35000 rw-p 00029000 08:02 10488992                   /usr/lib/jvm/java-7-oracle/jre/lib/amd64/libjava.so
7f7a89c35000-7f7a89c42000 r-xp 00000000 08:02 10488965                   /usr/lib/jvm/java-7-oracle/jre/lib/amd64/libverify.so
7f7a89c42000-7f7a89e41000 ---p 0000d000 08:02 10488965                   /usr/lib/jvm/java-7-oracle/jre/lib/amd64/libverify.so
7f7a89e41000-7f7a89e43000 rw-p 0000c000 08:02 10488965                   /usr/lib/jvm/java-7-oracle/jre/lib/amd64/libverify.so
7f7a89e43000-7f7a89e4a000 r-xp 00000000 08:02 4984739                    /lib/x86_64-linux-gnu/librt-2.17.so
7f7a89e4a000-7f7a8a049000 ---p 00007000 08:02 4984739                    /lib/x86_64-linux-gnu/librt-2.17.so
7f7a8a049000-7f7a8a04a000 r--p 00006000 08:02 4984739                    /lib/x86_64-linux-gnu/librt-2.17.so
7f7a8a04a000-7f7a8a04b000 rw-p 00007000 08:02 4984739                    /lib/x86_64-linux-gnu/librt-2.17.so
7f7a8a04b000-7f7a8a14e000 r-xp 00000000 08:02 4984667                    /lib/x86_64-linux-gnu/libm-2.17.so
7f7a8a14e000-7f7a8a34d000 ---p 00103000 08:02 4984667                    /lib/x86_64-linux-gnu/libm-2.17.so
7f7a8a34d000-7f7a8a34e000 r--p 00102000 08:02 4984667                    /lib/x86_64-linux-gnu/libm-2.17.so
7f7a8a34e000-7f7a8a34f000 rw-p 00103000 08:02 4984667                    /lib/x86_64-linux-gnu/libm-2.17.so
7f7a8a34f000-7f7a8aeb1000 r-xp 00000000 08:02 10488976                   /usr/lib/jvm/java-7-oracle/jre/lib/amd64/server/libjvm.so
7f7a8aeb1000-7f7a8b0b1000 ---p 00b62000 08:02 10488976                   /usr/lib/jvm/java-7-oracle/jre/lib/amd64/server/libjvm.so
7f7a8b0b1000-7f7a8b174000 rw-p 00b62000 08:02 10488976                   /usr/lib/jvm/java-7-oracle/jre/lib/amd64/server/libjvm.so
7f7a8b174000-7f7a8b1b5000 rw-p 00000000 00:00 0 
7f7a8b1b5000-7f7a8b372000 r-xp 00000000 08:02 4984616                    /lib/x86_64-linux-gnu/libc-2.17.so
7f7a8b372000-7f7a8b572000 ---p 001bd000 08:02 4984616                    /lib/x86_64-linux-gnu/libc-2.17.so
7f7a8b572000-7f7a8b576000 r--p 001bd000 08:02 4984616                    /lib/x86_64-linux-gnu/libc-2.17.so
7f7a8b576000-7f7a8b578000 rw-p 001c1000 08:02 4984616                    /lib/x86_64-linux-gnu/libc-2.17.so
7f7a8b578000-7f7a8b57d000 rw-p 00000000 00:00 0 
7f7a8b57d000-7f7a8b580000 r-xp 00000000 08:02 4984631                    /lib/x86_64-linux-gnu/libdl-2.17.so
7f7a8b580000-7f7a8b77f000 ---p 00003000 08:02 4984631                    /lib/x86_64-linux-gnu/libdl-2.17.so
7f7a8b77f000-7f7a8b780000 r--p 00002000 08:02 4984631                    /lib/x86_64-linux-gnu/libdl-2.17.so
7f7a8b780000-7f7a8b781000 rw-p 00003000 08:02 4984631                    /lib/x86_64-linux-gnu/libdl-2.17.so
7f7a8b781000-7f7a8b797000 r-xp 00000000 08:02 10753236                   /usr/lib/jvm/java-7-oracle/lib/amd64/jli/libjli.so
7f7a8b797000-7f7a8b997000 ---p 00016000 08:02 10753236                   /usr/lib/jvm/java-7-oracle/lib/amd64/jli/libjli.so
7f7a8b997000-7f7a8b998000 rw-p 00016000 08:02 10753236                   /usr/lib/jvm/java-7-oracle/lib/amd64/jli/libjli.so
7f7a8b998000-7f7a8b9af000 r-xp 00000000 08:02 4984731                    /lib/x86_64-linux-gnu/libpthread-2.17.so
7f7a8b9af000-7f7a8bbaf000 ---p 00017000 08:02 4984731                    /lib/x86_64-linux-gnu/libpthread-2.17.so
7f7a8bbaf000-7f7a8bbb0000 r--p 00017000 08:02 4984731                    /lib/x86_64-linux-gnu/libpthread-2.17.so
7f7a8bbb0000-7f7a8bbb1000 rw-p 00018000 08:02 4984731                    /lib/x86_64-linux-gnu/libpthread-2.17.so
7f7a8bbb1000-7f7a8bbb5000 rw-p 00000000 00:00 0 
7f7a8bbb5000-7f7a8bbd8000 r-xp 00000000 08:02 4984590                    /lib/x86_64-linux-gnu/ld-2.17.so
7f7a8bbd8000-7f7a8bbd9000 r--s 00002000 08:02 12336647                   /home/shybovycha/apache-maven-3.2.1/lib/wagon-file-2.6.jar
7f7a8bbd9000-7f7a8bbdb000 r--s 00005000 08:02 12322363                   /home/shybovycha/apache-maven-3.2.1/lib/slf4j-api-1.7.5.jar
7f7a8bbdb000-7f7a8bbdd000 r--s 00002000 08:02 12322324                   /home/shybovycha/apache-maven-3.2.1/lib/plexus-cipher-1.7.jar
7f7a8bbdd000-7f7a8bbe0000 r--s 00008000 08:02 12322330                   /home/shybovycha/apache-maven-3.2.1/lib/cdi-api-1.0.jar
7f7a8bbe0000-7f7a8bbe3000 r--s 0000a000 08:02 12322121                   /home/shybovycha/apache-maven-3.2.1/boot/plexus-classworlds-2.5.1.jar
7f7a8bbe3000-7f7a8bbed000 rw-p 00000000 00:00 0 
7f7a8bbed000-7f7a8bca3000 rw-p 00000000 00:00 0 
7f7a8bca3000-7f7a8bca6000 ---p 00000000 00:00 0 
7f7a8bca6000-7f7a8bda8000 rw-p 00000000 00:00 0                          [stack:12112]
7f7a8bda8000-7f7a8bdaa000 r--s 00000000 08:02 12322335                   /home/shybovycha/apache-maven-3.2.1/lib/aopalliance-1.0.jar
7f7a8bdaa000-7f7a8bdcb000 rw-p 00000000 00:00 0 
7f7a8bdcb000-7f7a8bdd3000 rw-s 00000000 08:02 12589158                   /tmp/hsperfdata_shybovycha/12107
7f7a8bdd3000-7f7a8bdd4000 rw-p 00000000 00:00 0 
7f7a8bdd4000-7f7a8bdd5000 ---p 00000000 00:00 0 
7f7a8bdd5000-7f7a8bdd7000 rw-p 00000000 00:00 0 
7f7a8bdd7000-7f7a8bdd8000 r--p 00022000 08:02 4984590                    /lib/x86_64-linux-gnu/ld-2.17.so
7f7a8bdd8000-7f7a8bdda000 rw-p 00023000 08:02 4984590                    /lib/x86_64-linux-gnu/ld-2.17.so
7fff686c1000-7fff686e2000 rw-p 00000000 00:00 0                          [stack]
7fff687a3000-7fff687a5000 r-xp 00000000 00:00 0                          [vdso]
ffffffffff600000-ffffffffff601000 r-xp 00000000 00:00 0                  [vsyscall]

VM Arguments:
jvm_args: -Dmaven.home=/home/shybovycha/apache-maven-3.2.1 -Dclassworlds.conf=/home/shybovycha/workspace/.metadata/.plugins/org.eclipse.m2e.launching/launches/m2conf4955018697006860142.tmp -Dmaven.bootclasspath=/home/shybovycha/apache-maven-3.2.1/boot/plexus-classworlds-2.5.1.jar -Dfile.encoding=UTF-8 
java_command: org.codehaus.classworlds.Launcher -B install
Launcher Type: SUN_STANDARD

Environment Variables:
PATH=/usr/lib/lightdm/lightdm:/usr/local/sbin:/usr/local/bin:/usr/sbin:/usr/bin:/sbin:/bin:/usr/games:/usr/local/games:/home/shybovycha/.rvm/bin
SHELL=/bin/bash
DISPLAY=:0

Signal Handlers:
SIGSEGV: [libjvm.so+0x993870], sa_mask[0]=0x7ffbfeff, sa_flags=0x10000004
SIGBUS: [libjvm.so+0x993870], sa_mask[0]=0x7ffbfeff, sa_flags=0x10000004
SIGFPE: [libjvm.so+0x8105b0], sa_mask[0]=0x7ffbfeff, sa_flags=0x10000004
SIGPIPE: [libjvm.so+0x8105b0], sa_mask[0]=0x7ffbfeff, sa_flags=0x10000004
SIGXFSZ: [libjvm.so+0x8105b0], sa_mask[0]=0x7ffbfeff, sa_flags=0x10000004
SIGILL: [libjvm.so+0x8105b0], sa_mask[0]=0x7ffbfeff, sa_flags=0x10000004
SIGUSR1: SIG_DFL, sa_mask[0]=0x00000000, sa_flags=0x00000000
SIGUSR2: [libjvm.so+0x811aa0], sa_mask[0]=0x00000004, sa_flags=0x10000004
SIGHUP: [libjvm.so+0x812a10], sa_mask[0]=0x7ffbfeff, sa_flags=0x10000004
SIGINT: [libjvm.so+0x812a10], sa_mask[0]=0x7ffbfeff, sa_flags=0x10000004
SIGTERM: [libjvm.so+0x812a10], sa_mask[0]=0x7ffbfeff, sa_flags=0x10000004
SIGQUIT: [libjvm.so+0x812a10], sa_mask[0]=0x7ffbfeff, sa_flags=0x10000004


---------------  S Y S T E M  ---------------

OS:wheezy/sid

uname:Linux 3.11.0-15-generic #25-Ubuntu SMP Thu Jan 30 17:22:01 UTC 2014 x86_64
libc:glibc 2.17 NPTL 2.17 
rlimit: STACK 8192k, CORE 0k, NPROC 93608, NOFILE 4096, AS infinity
load average:1,30 0,78 0,64

/proc/meminfo:
MemTotal:       12188708 kB
MemFree:          146240 kB
Buffers:         3045860 kB
Cached:          4251340 kB
SwapCached:            0 kB
Active:          6565716 kB
Inactive:        4808856 kB
Active(anon):    4082664 kB
Inactive(anon):   621304 kB
Active(file):    2483052 kB
Inactive(file):  4187552 kB
Unevictable:          32 kB
Mlocked:              32 kB
SwapTotal:             0 kB
SwapFree:              0 kB
Dirty:              1296 kB
Writeback:             0 kB
AnonPages:       4078380 kB
Mapped:           600284 kB
Shmem:            626596 kB
Slab:             481204 kB
SReclaimable:     403332 kB
SUnreclaim:        77872 kB
KernelStack:        7136 kB
PageTables:        67200 kB
NFS_Unstable:          0 kB
Bounce:                0 kB
WritebackTmp:          0 kB
CommitLimit:     6094352 kB
Committed_AS:    9635096 kB
VmallocTotal:   34359738367 kB
VmallocUsed:      450240 kB
VmallocChunk:   34359282652 kB
HardwareCorrupted:     0 kB
AnonHugePages:         0 kB
HugePages_Total:       0
HugePages_Free:        0
HugePages_Rsvd:        0
HugePages_Surp:        0
Hugepagesize:       2048 kB
DirectMap4k:       78040 kB
DirectMap2M:    12460032 kB


CPU:total 8 (4 cores per cpu, 2 threads per core) family 6 model 58 stepping 9, cmov, cx8, fxsr, mmx, sse, sse2, sse3, ssse3, sse4.1, sse4.2, popcnt, avx, erms, ht, tsc, tscinvbit, tscinv

/proc/cpuinfo:
processor	: 0
vendor_id	: GenuineIntel
cpu family	: 6
model		: 58
model name	: Intel(R) Core(TM) i7-3610QM CPU @ 2.30GHz
stepping	: 9
microcode	: 0x15
cpu MHz		: 1500.000
cache size	: 6144 KB
physical id	: 0
siblings	: 8
core id		: 0
cpu cores	: 4
apicid		: 0
initial apicid	: 0
fpu		: yes
fpu_exception	: yes
cpuid level	: 13
wp		: yes
flags		: fpu vme de pse tsc msr pae mce cx8 apic sep mtrr pge mca cmov pat pse36 clflush dts acpi mmx fxsr sse sse2 ss ht tm pbe syscall nx rdtscp lm constant_tsc arch_perfmon pebs bts rep_good nopl xtopology nonstop_tsc aperfmperf eagerfpu pni pclmulqdq dtes64 monitor ds_cpl vmx est tm2 ssse3 cx16 xtpr pdcm pcid sse4_1 sse4_2 x2apic popcnt tsc_deadline_timer xsave avx f16c rdrand lahf_lm ida arat epb xsaveopt pln pts dtherm tpr_shadow vnmi flexpriority ept vpid fsgsbase smep erms
bogomips	: 4589.45
clflush size	: 64
cache_alignment	: 64
address sizes	: 36 bits physical, 48 bits virtual
power management:

processor	: 1
vendor_id	: GenuineIntel
cpu family	: 6
model		: 58
model name	: Intel(R) Core(TM) i7-3610QM CPU @ 2.30GHz
stepping	: 9
microcode	: 0x15
cpu MHz		: 2301.000
cache size	: 6144 KB
physical id	: 0
siblings	: 8
core id		: 1
cpu cores	: 4
apicid		: 2
initial apicid	: 2
fpu		: yes
fpu_exception	: yes
cpuid level	: 13
wp		: yes
flags		: fpu vme de pse tsc msr pae mce cx8 apic sep mtrr pge mca cmov pat pse36 clflush dts acpi mmx fxsr sse sse2 ss ht tm pbe syscall nx rdtscp lm constant_tsc arch_perfmon pebs bts rep_good nopl xtopology nonstop_tsc aperfmperf eagerfpu pni pclmulqdq dtes64 monitor ds_cpl vmx est tm2 ssse3 cx16 xtpr pdcm pcid sse4_1 sse4_2 x2apic popcnt tsc_deadline_timer xsave avx f16c rdrand lahf_lm ida arat epb xsaveopt pln pts dtherm tpr_shadow vnmi flexpriority ept vpid fsgsbase smep erms
bogomips	: 4589.45
clflush size	: 64
cache_alignment	: 64
address sizes	: 36 bits physical, 48 bits virtual
power management:

processor	: 2
vendor_id	: GenuineIntel
cpu family	: 6
model		: 58
model name	: Intel(R) Core(TM) i7-3610QM CPU @ 2.30GHz
stepping	: 9
microcode	: 0x15
cpu MHz		: 2000.000
cache size	: 6144 KB
physical id	: 0
siblings	: 8
core id		: 2
cpu cores	: 4
apicid		: 4
initial apicid	: 4
fpu		: yes
fpu_exception	: yes
cpuid level	: 13
wp		: yes
flags		: fpu vme de pse tsc msr pae mce cx8 apic sep mtrr pge mca cmov pat pse36 clflush dts acpi mmx fxsr sse sse2 ss ht tm pbe syscall nx rdtscp lm constant_tsc arch_perfmon pebs bts rep_good nopl xtopology nonstop_tsc aperfmperf eagerfpu pni pclmulqdq dtes64 monitor ds_cpl vmx est tm2 ssse3 cx16 xtpr pdcm pcid sse4_1 sse4_2 x2apic popcnt tsc_deadline_timer xsave avx f16c rdrand lahf_lm ida arat epb xsaveopt pln pts dtherm tpr_shadow vnmi flexpriority ept vpid fsgsbase smep erms
bogomips	: 4589.45
clflush size	: 64
cache_alignment	: 64
address sizes	: 36 bits physical, 48 bits virtual
power management:

processor	: 3
vendor_id	: GenuineIntel
cpu family	: 6
model		: 58
model name	: Intel(R) Core(TM) i7-3610QM CPU @ 2.30GHz
stepping	: 9
microcode	: 0x15
cpu MHz		: 2301.000
cache size	: 6144 KB
physical id	: 0
siblings	: 8
core id		: 3
cpu cores	: 4
apicid		: 6
initial apicid	: 6
fpu		: yes
fpu_exception	: yes
cpuid level	: 13
wp		: yes
flags		: fpu vme de pse tsc msr pae mce cx8 apic sep mtrr pge mca cmov pat pse36 clflush dts acpi mmx fxsr sse sse2 ss ht tm pbe syscall nx rdtscp lm constant_tsc arch_perfmon pebs bts rep_good nopl xtopology nonstop_tsc aperfmperf eagerfpu pni pclmulqdq dtes64 monitor ds_cpl vmx est tm2 ssse3 cx16 xtpr pdcm pcid sse4_1 sse4_2 x2apic popcnt tsc_deadline_timer xsave avx f16c rdrand lahf_lm ida arat epb xsaveopt pln pts dtherm tpr_shadow vnmi flexpriority ept vpid fsgsbase smep erms
bogomips	: 4589.45
clflush size	: 64
cache_alignment	: 64
address sizes	: 36 bits physical, 48 bits virtual
power management:

processor	: 4
vendor_id	: GenuineIntel
cpu family	: 6
model		: 58
model name	: Intel(R) Core(TM) i7-3610QM CPU @ 2.30GHz
stepping	: 9
microcode	: 0x15
cpu MHz		: 1200.000
cache size	: 6144 KB
physical id	: 0
siblings	: 8
core id		: 0
cpu cores	: 4
apicid		: 1
initial apicid	: 1
fpu		: yes
fpu_exception	: yes
cpuid level	: 13
wp		: yes
flags		: fpu vme de pse tsc msr pae mce cx8 apic sep mtrr pge mca cmov pat pse36 clflush dts acpi mmx fxsr sse sse2 ss ht tm pbe syscall nx rdtscp lm constant_tsc arch_perfmon pebs bts rep_good nopl xtopology nonstop_tsc aperfmperf eagerfpu pni pclmulqdq dtes64 monitor ds_cpl vmx est tm2 ssse3 cx16 xtpr pdcm pcid sse4_1 sse4_2 x2apic popcnt tsc_deadline_timer xsave avx f16c rdrand lahf_lm ida arat epb xsaveopt pln pts dtherm tpr_shadow vnmi flexpriority ept vpid fsgsbase smep erms
bogomips	: 4589.45
clflush size	: 64
cache_alignment	: 64
address sizes	: 36 bits physical, 48 bits virtual
power management:

processor	: 5
vendor_id	: GenuineIntel
cpu family	: 6
model		: 58
model name	: Intel(R) Core(TM) i7-3610QM CPU @ 2.30GHz
stepping	: 9
microcode	: 0x15
cpu MHz		: 2301.000
cache size	: 6144 KB
physical id	: 0
siblings	: 8
core id		: 1
cpu cores	: 4
apicid		: 3
initial apicid	: 3
fpu		: yes
fpu_exception	: yes
cpuid level	: 13
wp		: yes
flags		: fpu vme de pse tsc msr pae mce cx8 apic sep mtrr pge mca cmov pat pse36 clflush dts acpi mmx fxsr sse sse2 ss ht tm pbe syscall nx rdtscp lm constant_tsc arch_perfmon pebs bts rep_good nopl xtopology nonstop_tsc aperfmperf eagerfpu pni pclmulqdq dtes64 monitor ds_cpl vmx est tm2 ssse3 cx16 xtpr pdcm pcid sse4_1 sse4_2 x2apic popcnt tsc_deadline_timer xsave avx f16c rdrand lahf_lm ida arat epb xsaveopt pln pts dtherm tpr_shadow vnmi flexpriority ept vpid fsgsbase smep erms
bogomips	: 4589.45
clflush size	: 64
cache_alignment	: 64
address sizes	: 36 bits physical, 48 bits virtual
power management:

processor	: 6
vendor_id	: GenuineIntel
cpu family	: 6
model		: 58
model name	: Intel(R) Core(TM) i7-3610QM CPU @ 2.30GHz
stepping	: 9
microcode	: 0x15
cpu MHz		: 2100.000
cache size	: 6144 KB
physical id	: 0
siblings	: 8
core id		: 2
cpu cores	: 4
apicid		: 5
initial apicid	: 5
fpu		: yes
fpu_exception	: yes
cpuid level	: 13
wp		: yes
flags		: fpu vme de pse tsc msr pae mce cx8 apic sep mtrr pge mca cmov pat pse36 clflush dts acpi mmx fxsr sse sse2 ss ht tm pbe syscall nx rdtscp lm constant_tsc arch_perfmon pebs bts rep_good nopl xtopology nonstop_tsc aperfmperf eagerfpu pni pclmulqdq dtes64 monitor ds_cpl vmx est tm2 ssse3 cx16 xtpr pdcm pcid sse4_1 sse4_2 x2apic popcnt tsc_deadline_timer xsave avx f16c rdrand lahf_lm ida arat epb xsaveopt pln pts dtherm tpr_shadow vnmi flexpriority ept vpid fsgsbase smep erms
bogomips	: 4589.45
clflush size	: 64
cache_alignment	: 64
address sizes	: 36 bits physical, 48 bits virtual
power management:

processor	: 7
vendor_id	: GenuineIntel
cpu family	: 6
model		: 58
model name	: Intel(R) Core(TM) i7-3610QM CPU @ 2.30GHz
stepping	: 9
microcode	: 0x15
cpu MHz		: 2301.000
cache size	: 6144 KB
physical id	: 0
siblings	: 8
core id		: 3
cpu cores	: 4
apicid		: 7
initial apicid	: 7
fpu		: yes
fpu_exception	: yes
cpuid level	: 13
wp		: yes
flags		: fpu vme de pse tsc msr pae mce cx8 apic sep mtrr pge mca cmov pat pse36 clflush dts acpi mmx fxsr sse sse2 ss ht tm pbe syscall nx rdtscp lm constant_tsc arch_perfmon pebs bts rep_good nopl xtopology nonstop_tsc aperfmperf eagerfpu pni pclmulqdq dtes64 monitor ds_cpl vmx est tm2 ssse3 cx16 xtpr pdcm pcid sse4_1 sse4_2 x2apic popcnt tsc_deadline_timer xsave avx f16c rdrand lahf_lm ida arat epb xsaveopt pln pts dtherm tpr_shadow vnmi flexpriority ept vpid fsgsbase smep erms
bogomips	: 4589.45
clflush size	: 64
cache_alignment	: 64
address sizes	: 36 bits physical, 48 bits virtual
power management:



Memory: 4k page, physical 12188708k(146240k free), swap 0k(0k free)

vm_info: Java HotSpot(TM) 64-Bit Server VM (24.51-b03) for linux-amd64 JRE (1.7.0_51-b13), built on Dec 18 2013 18:48:01 by "java_re" with gcc 4.3.0 20080428 (Red Hat 4.3.0-8)

time: Wed Mar 12 23:45:26 2014
elapsed time: 3 seconds

